<?xml version="1.0" encoding="UTF-8"?>
<testng-results skipped="0" failed="0" total="1" passed="1">
  <reporter-output>
  </reporter-output>
  <suite name="Suite" duration-ms="50624" started-at="2015-08-10T07:08:13Z" finished-at="2015-08-10T07:09:03Z">
    <groups>
    </groups>
    <test name="searchGoogle" duration-ms="50624" started-at="2015-08-10T07:08:13Z" finished-at="2015-08-10T07:09:03Z">
      <class name="test.GoogleSearchTest">
        <test-method status="PASS" signature="searchGoogle()[pri:0, instance:test.GoogleSearchTest@1ea7821]" name="searchGoogle" duration-ms="50611" started-at="2015-08-10T12:38:13Z" finished-at="2015-08-10T12:39:03Z">
          <reporter-output>
          </reporter-output>
        </test-method> <!-- searchGoogle -->
      </class> <!-- test.GoogleSearchTest -->
    </test> <!-- searchGoogle -->
  </suite> <!-- Suite -->
</testng-results>
