<?xml version="1.0" encoding="UTF-8"?>
<testng-results skipped="0" failed="1" total="1" passed="0">
  <reporter-output>
  </reporter-output>
  <suite name="Default suite" duration-ms="37828" started-at="2015-08-08T21:57:43Z" finished-at="2015-08-08T21:58:21Z">
    <groups>
    </groups>
    <test name="Default test" duration-ms="37828" started-at="2015-08-08T21:57:43Z" finished-at="2015-08-08T21:58:21Z">
      <class name="test.GoogleSearch">
        <test-method status="FAIL" signature="searchGoogle()[pri:0, instance:test.GoogleSearch@fde0d5]" name="searchGoogle" duration-ms="37762" started-at="2015-08-09T03:27:43Z" finished-at="2015-08-09T03:28:21Z">
          <exception class="testlink.api.java.client.TestLinkAPIException">
            <message>
              <![CDATA[
The xml-rpc call to TestLink API method tl.getProjects failed.
Result[0] = {message=Can not authenticate client: invalid developer key, code=2000}
]]>
            </message>
            <full-stacktrace>
              <![CDATA[testlink.api.java.client.TestLinkAPIException: 
The xml-rpc call to TestLink API method tl.getProjects failed.
Result[0] = {message=Can not authenticate client: invalid developer key, code=2000}

	at testlink.api.java.client.TestLinkAPIClient.execXmlRpcMethodWithCache(TestLinkAPIClient.java:1209)
	at testlink.api.java.client.TestLinkAPIClient.getProjects(TestLinkAPIClient.java:726)
	at testlink.api.java.client.TestLinkAPIHelper.getProjectInfo(TestLinkAPIHelper.java:64)
	at testlink.api.java.client.TestLinkAPIHelper.getProjectID(TestLinkAPIHelper.java:48)
	at testlink.api.java.client.TestLinkAPIClient.reportTestCaseResult(TestLinkAPIClient.java:184)
	at test.GoogleSearch.reportResult(GoogleSearch.java:26)
	at test.GoogleSearch.searchGoogle(GoogleSearch.java:67)
	at sun.reflect.NativeMethodAccessorImpl.invoke0(Native Method)
	at sun.reflect.NativeMethodAccessorImpl.invoke(Unknown Source)
	at sun.reflect.DelegatingMethodAccessorImpl.invoke(Unknown Source)
	at java.lang.reflect.Method.invoke(Unknown Source)
	at org.testng.internal.MethodInvocationHelper.invokeMethod(MethodInvocationHelper.java:84)
	at org.testng.internal.Invoker.invokeMethod(Invoker.java:714)
	at org.testng.internal.Invoker.invokeTestMethod(Invoker.java:901)
	at org.testng.internal.Invoker.invokeTestMethods(Invoker.java:1231)
	at org.testng.internal.TestMethodWorker.invokeTestMethods(TestMethodWorker.java:127)
	at org.testng.internal.TestMethodWorker.run(TestMethodWorker.java:111)
	at org.testng.TestRunner.privateRun(TestRunner.java:767)
	at org.testng.TestRunner.run(TestRunner.java:617)
	at org.testng.SuiteRunner.runTest(SuiteRunner.java:334)
	at org.testng.SuiteRunner.runSequentially(SuiteRunner.java:329)
	at org.testng.SuiteRunner.privateRun(SuiteRunner.java:291)
	at org.testng.SuiteRunner.run(SuiteRunner.java:240)
	at org.testng.SuiteRunnerWorker.runSuite(SuiteRunnerWorker.java:52)
	at org.testng.SuiteRunnerWorker.run(SuiteRunnerWorker.java:86)
	at org.testng.TestNG.runSuitesSequentially(TestNG.java:1224)
	at org.testng.TestNG.runSuitesLocally(TestNG.java:1149)
	at org.testng.TestNG.run(TestNG.java:1057)
	at org.testng.remote.RemoteTestNG.run(RemoteTestNG.java:111)
	at org.testng.remote.RemoteTestNG.initAndRun(RemoteTestNG.java:204)
	at org.testng.remote.RemoteTestNG.main(RemoteTestNG.java:175)
]]>
            </full-stacktrace>
          </exception> <!-- testlink.api.java.client.TestLinkAPIException -->
          <reporter-output>
          </reporter-output>
        </test-method> <!-- searchGoogle -->
      </class> <!-- test.GoogleSearch -->
    </test> <!-- Default test -->
  </suite> <!-- Default suite -->
</testng-results>
